# JRE version: Java(TM) SE Runtime Environment 18.9 (11.0.28+12) (build 11.0.28+12-LTS-279)
# Java VM: Java HotSpot(TM) 64-Bit Server VM 18.9 (11.0.28+12-LTS-279, mixed mode, tiered, compressed oops, g1 gc, windows-amd64)
Heap:
 garbage-first heap   total 262144K, used 141848K [0x00000000e0000000, 0x0000000100000000)
  region size 1024K, 3 young (3072K), 2 survivors (2048K)
 Metaspace       used 115496K, capacity 121075K, committed 126928K, reserved 495616K
  class space    used 14648K, capacity 16584K, committed 17536K, reserved 385024K
GC Heap History (10 events):
Event: 1549.764 GC heap after
{Heap after GC invocations=44 (full 0):
 garbage-first heap   total 262144K, used 126005K [0x00000000e0000000, 0x0000000100000000)
  region size 1024K, 2 young (2048K), 2 survivors (2048K)
 Metaspace       used 112869K, capacity 118242K, committed 126928K, reserved 495616K
  class space    used 14473K, capacity 16271K, committed 17536K, reserved 385024K
}
Event: 1559.949 GC heap before
{Heap before GC invocations=44 (full 0):
 garbage-first heap   total 262144K, used 217141K [0x00000000e0000000, 0x0000000100000000)
  region size 1024K, 92 young (94208K), 2 survivors (2048K)
 Metaspace       used 114866K, capacity 120320K, committed 126928K, reserved 495616K
  class space    used 14684K, capacity 16541K, committed 17536K, reserved 385024K
}
Event: 1559.955 GC heap after
{Heap after GC invocations=45 (full 0):
 garbage-first heap   total 262144K, used 130605K [0x00000000e0000000, 0x0000000100000000)
  region size 1024K, 6 young (6144K), 6 survivors (6144K)
 Metaspace       used 114866K, capacity 120320K, committed 126928K, reserved 495616K
  class space    used 14684K, capacity 16541K, committed 17536K, reserved 385024K
}
Event: 1564.122 GC heap before
{Heap before GC invocations=45 (full 0):
 garbage-first heap   total 262144K, used 217645K [0x00000000e0000000, 0x0000000100000000)
  region size 1024K, 92 young (94208K), 6 survivors (6144K)
 Metaspace       used 118574K, capacity 124248K, committed 126928K, reserved 495616K
  class space    used 15057K, capacity 17016K, committed 17536K, reserved 385024K
}
Event: 1564.128 GC heap after
{Heap after GC invocations=46 (full 0):
 garbage-first heap   total 262144K, used 134747K [0x00000000e0000000, 0x0000000100000000)
  region size 1024K, 10 young (10240K), 10 survivors (10240K)
 Metaspace       used 118574K, capacity 124248K, committed 126928K, reserved 495616K
  class space    used 15057K, capacity 17016K, committed 17536K, reserved 385024K
}
Event: 1570.309 GC heap before
{Heap before GC invocations=46 (full 0):
 garbage-first heap   total 262144K, used 219739K [0x00000000e0000000, 0x0000000100000000)
  region size 1024K, 93 young (95232K), 10 survivors (10240K)
 Metaspace       used 120742K, capacity 126568K, committed 126928K, reserved 495616K
  class space    used 15307K, capacity 17292K, committed 17536K, reserved 385024K
}
Event: 1570.317 GC heap after
{Heap after GC invocations=47 (full 0):
 garbage-first heap   total 262144K, used 134848K [0x00000000e0000000, 0x0000000100000000)
  region size 1024K, 5 young (5120K), 5 survivors (5120K)
 Metaspace       used 120742K, capacity 126568K, committed 126928K, reserved 495616K
  class space    used 15307K, capacity 17292K, committed 17536K, reserved 385024K
}
Event: 1587.164 GC heap before
{Heap before GC invocations=48 (full 0):
 garbage-first heap   total 262144K, used 219840K [0x00000000e0000000, 0x0000000100000000)
  region size 1024K, 89 young (91136K), 5 survivors (5120K)
 Metaspace       used 115371K, capacity 120947K, committed 126928K, reserved 495616K
  class space    used 14637K, capacity 16584K, committed 17536K, reserved 385024K
}
Event: 1587.171 GC heap after
{Heap after GC invocations=49 (full 0):
 garbage-first heap   total 262144K, used 140824K [0x00000000e0000000, 0x0000000100000000)
  region size 1024K, 11 young (11264K), 11 survivors (11264K)
 Metaspace       used 115371K, capacity 120947K, committed 126928K, reserved 495616K
  class space    used 14637K, capacity 16584K, committed 17536K, reserved 385024K
}
Event: 1587.180 GC heap before
{Heap before GC invocations=49 (full 0):
 garbage-first heap   total 262144K, used 141848K [0x00000000e0000000, 0x0000000100000000)
  region size 1024K, 12 young (12288K), 11 survivors (11264K)
 Metaspace       used 115496K, capacity 121075K, committed 126928K, reserved 495616K
  class space    used 14648K, capacity 16584K, committed 17536K, reserved 385024K
}

