# JRE version: Java(TM) SE Runtime Environment 18.9 (11.0.28+12) (build 11.0.28+12-LTS-279)
# Java VM: Java HotSpot(TM) 64-Bit Server VM 18.9 (11.0.28+12-LTS-279, mixed mode, tiered, compressed oops, g1 gc, windows-amd64)
Heap:
 garbage-first heap   total 262144K, used 86610K [0x00000000e0000000, 0x0000000100000000)
  region size 1024K, 41 young (41984K), 19 survivors (19456K)
 Metaspace       used 85570K, capacity 89295K, committed 89552K, reserved 462848K
  class space    used 11406K, capacity 12819K, committed 12928K, reserved 385024K
GC Heap History (10 events):
Event: 16.198 GC heap before
{Heap before GC invocations=8 (full 0):
 garbage-first heap   total 262144K, used 177722K [0x00000000e0000000, 0x0000000100000000)
  region size 1024K, 153 young (156672K), 14 survivors (14336K)
 Metaspace       used 54449K, capacity 56068K, committed 56272K, reserved 434176K
  class space    used 7096K, capacity 7737K, committed 7808K, reserved 385024K
}
Event: 16.209 GC heap after
{Heap after GC invocations=9 (full 0):
 garbage-first heap   total 262144K, used 37610K [0x00000000e0000000, 0x0000000100000000)
  region size 1024K, 14 young (14336K), 14 survivors (14336K)
 Metaspace       used 54449K, capacity 56068K, committed 56272K, reserved 434176K
  class space    used 7096K, capacity 7737K, committed 7808K, reserved 385024K
}
Event: 16.770 GC heap before
{Heap before GC invocations=9 (full 0):
 garbage-first heap   total 262144K, used 114410K [0x00000000e0000000, 0x0000000100000000)
  region size 1024K, 90 young (92160K), 14 survivors (14336K)
 Metaspace       used 58333K, capacity 60126K, committed 60240K, reserved 438272K
  class space    used 7708K, capacity 8376K, committed 8448K, reserved 385024K
}
Event: 16.782 GC heap after
{Heap after GC invocations=10 (full 0):
 garbage-first heap   total 262144K, used 39055K [0x00000000e0000000, 0x0000000100000000)
  region size 1024K, 6 young (6144K), 6 survivors (6144K)
 Metaspace       used 58333K, capacity 60126K, committed 60240K, reserved 438272K
  class space    used 7708K, capacity 8376K, committed 8448K, reserved 385024K
}
Event: 18.447 GC heap before
{Heap before GC invocations=11 (full 0):
 garbage-first heap   total 262144K, used 189583K [0x00000000e0000000, 0x0000000100000000)
  region size 1024K, 153 young (156672K), 6 survivors (6144K)
 Metaspace       used 63962K, capacity 66133K, committed 66256K, reserved 442368K
  class space    used 8626K, capacity 9494K, committed 9600K, reserved 385024K
}
Event: 18.472 GC heap after
{Heap after GC invocations=12 (full 0):
 garbage-first heap   total 262144K, used 47036K [0x00000000e0000000, 0x0000000100000000)
  region size 1024K, 14 young (14336K), 14 survivors (14336K)
 Metaspace       used 63962K, capacity 66133K, committed 66256K, reserved 442368K
  class space    used 8626K, capacity 9494K, committed 9600K, reserved 385024K
}
Event: 20.722 GC heap before
{Heap before GC invocations=12 (full 0):
 garbage-first heap   total 262144K, used 188348K [0x00000000e0000000, 0x0000000100000000)
  region size 1024K, 153 young (156672K), 14 survivors (14336K)
 Metaspace       used 72675K, capacity 75711K, committed 75984K, reserved 450560K
  class space    used 9756K, capacity 10818K, committed 10880K, reserved 385024K
}
Event: 20.743 GC heap after
{Heap after GC invocations=13 (full 0):
 garbage-first heap   total 262144K, used 54953K [0x00000000e0000000, 0x0000000100000000)
  region size 1024K, 18 young (18432K), 18 survivors (18432K)
 Metaspace       used 72675K, capacity 75711K, committed 75984K, reserved 450560K
  class space    used 9756K, capacity 10818K, committed 10880K, reserved 385024K
}
Event: 208.149 GC heap before
{Heap before GC invocations=13 (full 0):
 garbage-first heap   total 262144K, used 192169K [0x00000000e0000000, 0x0000000100000000)
  region size 1024K, 153 young (156672K), 18 survivors (18432K)
 Metaspace       used 84246K, capacity 87874K, committed 88016K, reserved 460800K
  class space    used 11225K, capacity 12593K, committed 12672K, reserved 385024K
}
Event: 208.166 GC heap after
{Heap after GC invocations=14 (full 0):
 garbage-first heap   total 262144K, used 65106K [0x00000000e0000000, 0x0000000100000000)
  region size 1024K, 19 young (19456K), 19 survivors (19456K)
 Metaspace       used 84246K, capacity 87874K, committed 88016K, reserved 460800K
  class space    used 11225K, capacity 12593K, committed 12672K, reserved 385024K
}

