# JRE version: Java(TM) SE Runtime Environment 18.9 (11.0.28+12) (build 11.0.28+12-LTS-279)
# Java VM: Java HotSpot(TM) 64-Bit Server VM 18.9 (11.0.28+12-LTS-279, mixed mode, tiered, compressed oops, g1 gc, windows-amd64)
Heap:
 garbage-first heap   total 262144K, used 26930K [0x00000000e0000000, 0x0000000100000000)
  region size 1024K, 10 young (10240K), 5 survivors (5120K)
 Metaspace       used 29629K, capacity 30342K, committed 30384K, reserved 411648K
  class space    used 3812K, capacity 4086K, committed 4096K, reserved 385024K
GC Heap History (6 events):
Event: 0.416 GC heap before
{Heap before GC invocations=0 (full 0):
 garbage-first heap   total 262144K, used 23552K [0x00000000e0000000, 0x0000000100000000)
  region size 1024K, 24 young (24576K), 0 survivors (0K)
 Metaspace       used 7199K, capacity 7272K, committed 7424K, reserved 393216K
  class space    used 624K, capacity 657K, committed 768K, reserved 385024K
}
Event: 0.419 GC heap after
{Heap after GC invocations=1 (full 0):
 garbage-first heap   total 262144K, used 4445K [0x00000000e0000000, 0x0000000100000000)
  region size 1024K, 3 young (3072K), 3 survivors (3072K)
 Metaspace       used 7199K, capacity 7272K, committed 7424K, reserved 393216K
  class space    used 624K, capacity 657K, committed 768K, reserved 385024K
}
Event: 2.376 GC heap before
{Heap before GC invocations=1 (full 0):
 garbage-first heap   total 262144K, used 162141K [0x00000000e0000000, 0x0000000100000000)
  region size 1024K, 153 young (156672K), 3 survivors (3072K)
 Metaspace       used 18904K, capacity 19290K, committed 19584K, reserved 403456K
  class space    used 2206K, capacity 2326K, committed 2432K, reserved 385024K
}
Event: 2.383 GC heap after
{Heap after GC invocations=2 (full 0):
 garbage-first heap   total 262144K, used 19035K [0x00000000e0000000, 0x0000000100000000)
  region size 1024K, 14 young (14336K), 14 survivors (14336K)
 Metaspace       used 18904K, capacity 19290K, committed 19584K, reserved 403456K
  class space    used 2206K, capacity 2326K, committed 2432K, reserved 385024K
}
Event: 2.480 GC heap before
{Heap before GC invocations=2 (full 0):
 garbage-first heap   total 262144K, used 35419K [0x00000000e0000000, 0x0000000100000000)
  region size 1024K, 31 young (31744K), 14 survivors (14336K)
 Metaspace       used 20721K, capacity 21104K, committed 21296K, reserved 405504K
  class space    used 2446K, capacity 2591K, committed 2688K, reserved 385024K
}
Event: 2.485 GC heap after
{Heap after GC invocations=3 (full 0):
 garbage-first heap   total 262144K, used 20061K [0x00000000e0000000, 0x0000000100000000)
  region size 1024K, 12 young (12288K), 12 survivors (12288K)
 Metaspace       used 20721K, capacity 21104K, committed 21296K, reserved 405504K
  class space    used 2446K, capacity 2591K, committed 2688K, reserved 385024K
}

