# JRE version: Java(TM) SE Runtime Environment 18.9 (11.0.28+12) (build 11.0.28+12-LTS-279)
# Java VM: Java HotSpot(TM) 64-Bit Server VM 18.9 (11.0.28+12-LTS-279, mixed mode, tiered, compressed oops, g1 gc, windows-amd64)
Heap:
 garbage-first heap   total 262144K, used 148706K [0x00000000e0000000, 0x0000000100000000)
  region size 1024K, 114 young (116736K), 14 survivors (14336K)
 Metaspace       used 67784K, capacity 70713K, committed 70780K, reserved 446464K
  class space    used 9283K, capacity 10432K, committed 10496K, reserved 385024K
GC Heap History (10 events):
Event: 3.655 GC heap before
{Heap before GC invocations=6 (full 0):
 garbage-first heap   total 262144K, used 47282K [0x00000000e0000000, 0x0000000100000000)
  region size 1024K, 30 young (30720K), 6 survivors (6144K)
 Metaspace       used 34806K, capacity 35700K, committed 35888K, reserved 417792K
  class space    used 4634K, capacity 4988K, committed 4992K, reserved 385024K
}
Event: 3.659 GC heap after
{Heap after GC invocations=7 (full 0):
 garbage-first heap   total 262144K, used 24397K [0x00000000e0000000, 0x0000000100000000)
  region size 1024K, 6 young (6144K), 6 survivors (6144K)
 Metaspace       used 34806K, capacity 35700K, committed 35888K, reserved 417792K
  class space    used 4634K, capacity 4988K, committed 4992K, reserved 385024K
}
Event: 4.630 GC heap before
{Heap before GC invocations=8 (full 0):
 garbage-first heap   total 262144K, used 173901K [0x00000000e0000000, 0x0000000100000000)
  region size 1024K, 148 young (151552K), 6 survivors (6144K)
 Metaspace       used 46367K, capacity 47660K, committed 47920K, reserved 428032K
  class space    used 5980K, capacity 6466K, committed 6528K, reserved 385024K
}
Event: 4.638 GC heap after
{Heap after GC invocations=9 (full 0):
 garbage-first heap   total 262144K, used 32165K [0x00000000e0000000, 0x0000000100000000)
  region size 1024K, 14 young (14336K), 14 survivors (14336K)
 Metaspace       used 46367K, capacity 47660K, committed 47920K, reserved 428032K
  class space    used 5980K, capacity 6466K, committed 6528K, reserved 385024K
}
Event: 5.540 GC heap before
{Heap before GC invocations=9 (full 0):
 garbage-first heap   total 262144K, used 175525K [0x00000000e0000000, 0x0000000100000000)
  region size 1024K, 153 young (156672K), 14 survivors (14336K)
 Metaspace       used 53180K, capacity 54888K, committed 55088K, reserved 434176K
  class space    used 7033K, capacity 7684K, committed 7808K, reserved 385024K
}
Event: 5.548 GC heap after
{Heap after GC invocations=10 (full 0):
 garbage-first heap   total 262144K, used 38050K [0x00000000e0000000, 0x0000000100000000)
  region size 1024K, 13 young (13312K), 13 survivors (13312K)
 Metaspace       used 53180K, capacity 54888K, committed 55088K, reserved 434176K
  class space    used 7033K, capacity 7684K, committed 7808K, reserved 385024K
}
Event: 5.978 GC heap before
{Heap before GC invocations=10 (full 0):
 garbage-first heap   total 262144K, used 125090K [0x00000000e0000000, 0x0000000100000000)
  region size 1024K, 97 young (99328K), 13 survivors (13312K)
 Metaspace       used 58081K, capacity 59887K, committed 60028K, reserved 438272K
  class space    used 7687K, capacity 8378K, committed 8448K, reserved 385024K
}
Event: 5.988 GC heap after
{Heap after GC invocations=11 (full 0):
 garbage-first heap   total 262144K, used 40053K [0x00000000e0000000, 0x0000000100000000)
  region size 1024K, 7 young (7168K), 7 survivors (7168K)
 Metaspace       used 58081K, capacity 59887K, committed 60028K, reserved 438272K
  class space    used 7687K, capacity 8378K, committed 8448K, reserved 385024K
}
Event: 6.883 GC heap before
{Heap before GC invocations=12 (full 0):
 garbage-first heap   total 262144K, used 189557K [0x00000000e0000000, 0x0000000100000000)
  region size 1024K, 153 young (156672K), 7 survivors (7168K)
 Metaspace       used 64179K, capacity 66574K, committed 66812K, reserved 442368K
  class space    used 8673K, capacity 9554K, committed 9600K, reserved 385024K
}
Event: 6.892 GC heap after
{Heap after GC invocations=13 (full 0):
 garbage-first heap   total 262144K, used 47330K [0x00000000e0000000, 0x0000000100000000)
  region size 1024K, 14 young (14336K), 14 survivors (14336K)
 Metaspace       used 64179K, capacity 66574K, committed 66812K, reserved 442368K
  class space    used 8673K, capacity 9554K, committed 9600K, reserved 385024K
}

